running develop
/home/imene/.local/lib/python3.8/site-packages/setuptools/command/develop.py:40: EasyInstallDeprecationWarning: easy_install command is deprecated.
!!

        ********************************************************************************
        Please avoid running ``setup.py`` and ``easy_install``.
        Instead, use pypa/build, pypa/installer, pypa/build or
        other standards-based tools.

        See https://github.com/pypa/setuptools/issues/917 for details.
        ********************************************************************************

!!
  easy_install.initialize_options(self)
/home/imene/.local/lib/python3.8/site-packages/setuptools/_distutils/cmd.py:66: SetuptoolsDeprecationWarning: setup.py install is deprecated.
!!

        ********************************************************************************
        Please avoid running ``setup.py`` directly.
        Instead, use pypa/build, pypa/installer, pypa/build or
        other standards-based tools.

        See https://blog.ganssle.io/articles/2021/10/setup-py-deprecated.html for details.
        ********************************************************************************

!!
  self.initialize_options()
Removing /home/imene/Documents/Code2024/Language/ros2_ws/src/install/language/lib/python3.8/site-packages/language.egg-link (link to .)
running egg_info
writing ../build/language/language.egg-info/PKG-INFO
writing dependency_links to ../build/language/language.egg-info/dependency_links.txt
writing entry points to ../build/language/language.egg-info/entry_points.txt
writing requirements to ../build/language/language.egg-info/requires.txt
writing top-level names to ../build/language/language.egg-info/top_level.txt
listing git files failed - pretending there aren't any
reading manifest file '../build/language/language.egg-info/SOURCES.txt'
writing manifest file '../build/language/language.egg-info/SOURCES.txt'
running build
running build_py
creating /home/imene/Documents/Code2024/Language/ros2_ws/src/build/language/build
creating /home/imene/Documents/Code2024/Language/ros2_ws/src/build/language/build/lib
creating /home/imene/Documents/Code2024/Language/ros2_ws/src/build/language/build/lib/language
copying language/__init__.py -> /home/imene/Documents/Code2024/Language/ros2_ws/src/build/language/build/lib/language
copying language/robot.py -> /home/imene/Documents/Code2024/Language/ros2_ws/src/build/language/build/lib/language
copying language/flask.py -> /home/imene/Documents/Code2024/Language/ros2_ws/src/build/language/build/lib/language
copying language/qlearning.py -> /home/imene/Documents/Code2024/Language/ros2_ws/src/build/language/build/lib/language
copying language/QLearning.py -> /home/imene/Documents/Code2024/Language/ros2_ws/src/build/language/build/lib/language
copying language/utils.py -> /home/imene/Documents/Code2024/Language/ros2_ws/src/build/language/build/lib/language
running install
/home/imene/.local/lib/python3.8/site-packages/setuptools/_distutils/cmd.py:66: SetuptoolsDeprecationWarning: setup.py install is deprecated.
!!

        ********************************************************************************
        Please avoid running ``setup.py`` directly.
        Instead, use pypa/build, pypa/installer, pypa/build or
        other standards-based tools.

        See https://blog.ganssle.io/articles/2021/10/setup-py-deprecated.html for details.
        ********************************************************************************

!!
  self.initialize_options()
running install_lib
creating /home/imene/Documents/Code2024/Language/ros2_ws/src/install/language/lib/python3.8/site-packages/language
copying /home/imene/Documents/Code2024/Language/ros2_ws/src/build/language/build/lib/language/__init__.py -> /home/imene/Documents/Code2024/Language/ros2_ws/src/install/language/lib/python3.8/site-packages/language
copying /home/imene/Documents/Code2024/Language/ros2_ws/src/build/language/build/lib/language/robot.py -> /home/imene/Documents/Code2024/Language/ros2_ws/src/install/language/lib/python3.8/site-packages/language
copying /home/imene/Documents/Code2024/Language/ros2_ws/src/build/language/build/lib/language/flask.py -> /home/imene/Documents/Code2024/Language/ros2_ws/src/install/language/lib/python3.8/site-packages/language
copying /home/imene/Documents/Code2024/Language/ros2_ws/src/build/language/build/lib/language/qlearning.py -> /home/imene/Documents/Code2024/Language/ros2_ws/src/install/language/lib/python3.8/site-packages/language
copying /home/imene/Documents/Code2024/Language/ros2_ws/src/build/language/build/lib/language/QLearning.py -> /home/imene/Documents/Code2024/Language/ros2_ws/src/install/language/lib/python3.8/site-packages/language
copying /home/imene/Documents/Code2024/Language/ros2_ws/src/build/language/build/lib/language/utils.py -> /home/imene/Documents/Code2024/Language/ros2_ws/src/install/language/lib/python3.8/site-packages/language
byte-compiling /home/imene/Documents/Code2024/Language/ros2_ws/src/install/language/lib/python3.8/site-packages/language/__init__.py to __init__.cpython-38.pyc
byte-compiling /home/imene/Documents/Code2024/Language/ros2_ws/src/install/language/lib/python3.8/site-packages/language/robot.py to robot.cpython-38.pyc
byte-compiling /home/imene/Documents/Code2024/Language/ros2_ws/src/install/language/lib/python3.8/site-packages/language/flask.py to flask.cpython-38.pyc
byte-compiling /home/imene/Documents/Code2024/Language/ros2_ws/src/install/language/lib/python3.8/site-packages/language/qlearning.py to qlearning.cpython-38.pyc
byte-compiling /home/imene/Documents/Code2024/Language/ros2_ws/src/install/language/lib/python3.8/site-packages/language/QLearning.py to QLearning.cpython-38.pyc
byte-compiling /home/imene/Documents/Code2024/Language/ros2_ws/src/install/language/lib/python3.8/site-packages/language/utils.py to utils.cpython-38.pyc
running install_data
running install_egg_info
Copying ../build/language/language.egg-info to /home/imene/Documents/Code2024/Language/ros2_ws/src/install/language/lib/python3.8/site-packages/language-0.0.0-py3.8.egg-info
running install_scripts
Installing app script to /home/imene/Documents/Code2024/Language/ros2_ws/src/install/language/lib/language
Installing rl script to /home/imene/Documents/Code2024/Language/ros2_ws/src/install/language/lib/language
Installing robot script to /home/imene/Documents/Code2024/Language/ros2_ws/src/install/language/lib/language
writing list of installed files to '/home/imene/Documents/Code2024/Language/ros2_ws/src/build/language/install.log'
