[9.386s] [34mcolcon[0m [1;30mDEBUG[0m [32mCommand line arguments: ['/usr/bin/colcon', 'build', '--packages-select', 'language'][0m
[9.386s] [34mcolcon[0m [1;30mDEBUG[0m [32mParsed command line arguments: Namespace(allow_overriding=[], ament_cmake_args=None, base_paths=['.'], build_base='build', catkin_cmake_args=None, catkin_skip_building_tests=False, cmake_args=None, cmake_clean_cache=False, cmake_clean_first=False, cmake_force_configure=False, cmake_target=None, cmake_target_skip_unavailable=False, continue_on_error=False, event_handlers=None, executor='parallel', ignore_user_meta=False, install_base='install', log_base=None, log_level=None, main=<bound method BuildVerb.main of <colcon_core.verb.build.BuildVerb object at 0x7fa4a4e05250>>, merge_install=False, metas=['./colcon.meta'], packages_above=None, packages_above_and_dependencies=None, packages_above_depth=None, packages_end=None, packages_ignore=None, packages_ignore_regex=None, packages_select=['language'], packages_select_build_failed=False, packages_select_by_dep=None, packages_select_regex=None, packages_select_test_failures=False, packages_skip=None, packages_skip_build_finished=False, packages_skip_by_dep=None, packages_skip_regex=None, packages_skip_test_passed=False, packages_skip_up_to=None, packages_start=None, packages_up_to=None, packages_up_to_regex=None, parallel_workers=8, paths=None, symlink_install=False, test_result_base=None, verb_extension=<colcon_core.verb.build.BuildVerb object at 0x7fa4a4e05250>, verb_name='build', verb_parser=<colcon_defaults.argument_parser.defaults.DefaultArgumentsDecorator object at 0x7fa4a4ab0f10>)[0m
[9.791s] [34mcolcon.colcon_core.package_discovery[0m [1;30mLevel 1[0m discover_packages(colcon_meta) check parameters
[9.791s] [34mcolcon.colcon_core.package_discovery[0m [1;30mLevel 1[0m discover_packages(recursive) check parameters
[9.791s] [34mcolcon.colcon_core.package_discovery[0m [1;30mLevel 1[0m discover_packages(ignore) check parameters
[9.791s] [34mcolcon.colcon_core.package_discovery[0m [1;30mLevel 1[0m discover_packages(path) check parameters
[9.791s] [34mcolcon.colcon_core.package_discovery[0m [1;30mLevel 1[0m discover_packages(colcon_meta) discover
[9.791s] [34mcolcon.colcon_core.package_discovery[0m [1;30mLevel 1[0m discover_packages(recursive) discover
[9.791s] [34mcolcon.colcon_core.package_discovery[0m [1;30mINFO[0m Crawling recursively for packages in '/home/imene/Documents/Code2024/Language/ros2_ws/src'
[9.791s] [34mcolcon.colcon_core.package_identification[0m [1;30mLevel 1[0m _identify(.) by extensions ['ignore', 'ignore_ament_install']
[9.791s] [34mcolcon.colcon_core.package_identification[0m [1;30mLevel 1[0m _identify(.) by extension 'ignore'
[9.791s] [34mcolcon.colcon_core.package_identification[0m [1;30mLevel 1[0m _identify(.) by extension 'ignore_ament_install'
[9.791s] [34mcolcon.colcon_core.package_identification[0m [1;30mLevel 1[0m _identify(.) by extensions ['colcon_pkg']
[9.792s] [34mcolcon.colcon_core.package_identification[0m [1;30mLevel 1[0m _identify(.) by extension 'colcon_pkg'
[9.792s] [34mcolcon.colcon_core.package_identification[0m [1;30mLevel 1[0m _identify(.) by extensions ['colcon_meta']
[9.792s] [34mcolcon.colcon_core.package_identification[0m [1;30mLevel 1[0m _identify(.) by extension 'colcon_meta'
[9.792s] [34mcolcon.colcon_core.package_identification[0m [1;30mLevel 1[0m _identify(.) by extensions ['ros']
[9.792s] [34mcolcon.colcon_core.package_identification[0m [1;30mLevel 1[0m _identify(.) by extension 'ros'
[9.812s] [34mcolcon.colcon_core.package_identification[0m [1;30mLevel 1[0m _identify(.) by extensions ['cmake', 'python']
[9.812s] [34mcolcon.colcon_core.package_identification[0m [1;30mLevel 1[0m _identify(.) by extension 'cmake'
[9.812s] [34mcolcon.colcon_core.package_identification[0m [1;30mLevel 1[0m _identify(.) by extension 'python'
[9.812s] [34mcolcon.colcon_core.package_identification[0m [1;30mLevel 1[0m _identify(.) by extensions ['python_setup_py']
[9.812s] [34mcolcon.colcon_core.package_identification[0m [1;30mLevel 1[0m _identify(.) by extension 'python_setup_py'
[9.813s] [34mcolcon.colcon_core.package_identification[0m [1;30mLevel 1[0m _identify(build) by extensions ['ignore', 'ignore_ament_install']
[9.813s] [34mcolcon.colcon_core.package_identification[0m [1;30mLevel 1[0m _identify(build) by extension 'ignore'
[9.813s] [34mcolcon.colcon_core.package_identification[0m [1;30mLevel 1[0m _identify(build) ignored
[9.813s] [34mcolcon.colcon_core.package_identification[0m [1;30mLevel 1[0m _identify(evaluative) by extensions ['ignore', 'ignore_ament_install']
[9.813s] [34mcolcon.colcon_core.package_identification[0m [1;30mLevel 1[0m _identify(evaluative) by extension 'ignore'
[9.813s] [34mcolcon.colcon_core.package_identification[0m [1;30mLevel 1[0m _identify(evaluative) by extension 'ignore_ament_install'
[9.813s] [34mcolcon.colcon_core.package_identification[0m [1;30mLevel 1[0m _identify(evaluative) by extensions ['colcon_pkg']
[9.813s] [34mcolcon.colcon_core.package_identification[0m [1;30mLevel 1[0m _identify(evaluative) by extension 'colcon_pkg'
[9.813s] [34mcolcon.colcon_core.package_identification[0m [1;30mLevel 1[0m _identify(evaluative) by extensions ['colcon_meta']
[9.813s] [34mcolcon.colcon_core.package_identification[0m [1;30mLevel 1[0m _identify(evaluative) by extension 'colcon_meta'
[9.813s] [34mcolcon.colcon_core.package_identification[0m [1;30mLevel 1[0m _identify(evaluative) by extensions ['ros']
[9.813s] [34mcolcon.colcon_core.package_identification[0m [1;30mLevel 1[0m _identify(evaluative) by extension 'ros'
[9.816s] [34mcolcon.colcon_core.package_identification[0m [1;30mDEBUG[0m [32mPackage 'evaluative' with type 'ros.ament_python' and name 'evaluative'[0m
[9.816s] [34mcolcon.colcon_core.package_identification[0m [1;30mLevel 1[0m _identify(install) by extensions ['ignore', 'ignore_ament_install']
[9.816s] [34mcolcon.colcon_core.package_identification[0m [1;30mLevel 1[0m _identify(install) by extension 'ignore'
[9.816s] [34mcolcon.colcon_core.package_identification[0m [1;30mLevel 1[0m _identify(install) ignored
[9.816s] [34mcolcon.colcon_core.package_identification[0m [1;30mLevel 1[0m _identify(language) by extensions ['ignore', 'ignore_ament_install']
[9.816s] [34mcolcon.colcon_core.package_identification[0m [1;30mLevel 1[0m _identify(language) by extension 'ignore'
[9.816s] [34mcolcon.colcon_core.package_identification[0m [1;30mLevel 1[0m _identify(language) by extension 'ignore_ament_install'
[9.816s] [34mcolcon.colcon_core.package_identification[0m [1;30mLevel 1[0m _identify(language) by extensions ['colcon_pkg']
[9.816s] [34mcolcon.colcon_core.package_identification[0m [1;30mLevel 1[0m _identify(language) by extension 'colcon_pkg'
[9.817s] [34mcolcon.colcon_core.package_identification[0m [1;30mLevel 1[0m _identify(language) by extensions ['colcon_meta']
[9.817s] [34mcolcon.colcon_core.package_identification[0m [1;30mLevel 1[0m _identify(language) by extension 'colcon_meta'
[9.817s] [34mcolcon.colcon_core.package_identification[0m [1;30mLevel 1[0m _identify(language) by extensions ['ros']
[9.817s] [34mcolcon.colcon_core.package_identification[0m [1;30mLevel 1[0m _identify(language) by extension 'ros'
[9.817s] [34mcolcon.colcon_core.package_identification[0m [1;30mDEBUG[0m [32mPackage 'language' with type 'ros.ament_python' and name 'language'[0m
[9.817s] [34mcolcon.colcon_core.package_identification[0m [1;30mLevel 1[0m _identify(log) by extensions ['ignore', 'ignore_ament_install']
[9.817s] [34mcolcon.colcon_core.package_identification[0m [1;30mLevel 1[0m _identify(log) by extension 'ignore'
[9.817s] [34mcolcon.colcon_core.package_identification[0m [1;30mLevel 1[0m _identify(log) ignored
[9.817s] [34mcolcon.colcon_core.package_discovery[0m [1;30mLevel 1[0m discover_packages(recursive) using defaults
[9.818s] [34mcolcon.colcon_core.package_discovery[0m [1;30mLevel 1[0m discover_packages(ignore) discover
[9.818s] [34mcolcon.colcon_core.package_discovery[0m [1;30mLevel 1[0m discover_packages(ignore) using defaults
[9.818s] [34mcolcon.colcon_core.package_discovery[0m [1;30mLevel 1[0m discover_packages(path) discover
[9.818s] [34mcolcon.colcon_core.package_discovery[0m [1;30mLevel 1[0m discover_packages(path) using defaults
[10.352s] [34mcolcon.colcon_core.package_selection[0m [1;30mINFO[0m Skipping not selected package 'evaluative' in 'evaluative'
[10.691s] [34mcolcon.colcon_core.package_discovery[0m [1;30mLevel 1[0m discover_packages(prefix_path) check parameters
[10.691s] [34mcolcon.colcon_core.package_discovery[0m [1;30mLevel 1[0m discover_packages(prefix_path) discover
[11.047s] [34mcolcon.colcon_installed_package_information.package_discovery[0m [1;30mDEBUG[0m [32mFound 2 installed packages in /home/imene/Documents/Code2024/Language/ros2_ws/src/install[0m
[11.216s] [34mcolcon.colcon_installed_package_information.package_discovery[0m [1;30mDEBUG[0m [32mFound 173 installed packages in /opt/ros/galactic[0m
[11.392s] [34mcolcon.colcon_core.package_discovery[0m [1;30mLevel 1[0m discover_packages(prefix_path) using defaults
[11.752s] [34mcolcon.colcon_core.verb[0m [1;30mLevel 5[0m set package 'language' build argument 'cmake_args' from command line to 'None'
[11.752s] [34mcolcon.colcon_core.verb[0m [1;30mLevel 5[0m set package 'language' build argument 'cmake_target' from command line to 'None'
[11.752s] [34mcolcon.colcon_core.verb[0m [1;30mLevel 5[0m set package 'language' build argument 'cmake_target_skip_unavailable' from command line to 'False'
[11.752s] [34mcolcon.colcon_core.verb[0m [1;30mLevel 5[0m set package 'language' build argument 'cmake_clean_cache' from command line to 'False'
[11.752s] [34mcolcon.colcon_core.verb[0m [1;30mLevel 5[0m set package 'language' build argument 'cmake_clean_first' from command line to 'False'
[11.752s] [34mcolcon.colcon_core.verb[0m [1;30mLevel 5[0m set package 'language' build argument 'cmake_force_configure' from command line to 'False'
[11.752s] [34mcolcon.colcon_core.verb[0m [1;30mLevel 5[0m set package 'language' build argument 'ament_cmake_args' from command line to 'None'
[11.752s] [34mcolcon.colcon_core.verb[0m [1;30mLevel 5[0m set package 'language' build argument 'catkin_cmake_args' from command line to 'None'
[11.752s] [34mcolcon.colcon_core.verb[0m [1;30mLevel 5[0m set package 'language' build argument 'catkin_skip_building_tests' from command line to 'False'
[11.753s] [34mcolcon.colcon_core.verb[0m [1;30mDEBUG[0m [32mBuilding package 'language' with the following arguments: {'ament_cmake_args': None, 'build_base': '/home/imene/Documents/Code2024/Language/ros2_ws/src/build/language', 'catkin_cmake_args': None, 'catkin_skip_building_tests': False, 'cmake_args': None, 'cmake_clean_cache': False, 'cmake_clean_first': False, 'cmake_force_configure': False, 'cmake_target': None, 'cmake_target_skip_unavailable': False, 'install_base': '/home/imene/Documents/Code2024/Language/ros2_ws/src/install/language', 'merge_install': False, 'path': '/home/imene/Documents/Code2024/Language/ros2_ws/src/language', 'symlink_install': False, 'test_result_base': None}[0m
[11.920s] [34mcolcon.colcon_core.executor[0m [1;30mINFO[0m Executing jobs using 'parallel' executor
[12.089s] [34mcolcon.colcon_parallel_executor.executor.parallel[0m [1;30mDEBUG[0m [32mrun_until_complete[0m
[12.089s] [34mcolcon.colcon_ros.task.ament_python.build[0m [1;30mINFO[0m Building ROS package in '/home/imene/Documents/Code2024/Language/ros2_ws/src/language' with build type 'ament_python'
[12.089s] [34mcolcon.colcon_core.shell[0m [1;30mLevel 1[0m create_environment_hook('language', 'ament_prefix_path')
[12.266s] [34mcolcon.colcon_core.plugin_system[0m [1;30mINFO[0m Skipping extension 'colcon_core.shell.bat': Not used on non-Windows systems
[12.266s] [34mcolcon.colcon_core.shell[0m [1;30mINFO[0m Creating environment hook '/home/imene/Documents/Code2024/Language/ros2_ws/src/install/language/share/language/hook/ament_prefix_path.ps1'
[12.267s] [34mcolcon.colcon_core.shell[0m [1;30mINFO[0m Creating environment descriptor '/home/imene/Documents/Code2024/Language/ros2_ws/src/install/language/share/language/hook/ament_prefix_path.dsv'
[12.268s] [34mcolcon.colcon_core.shell[0m [1;30mINFO[0m Creating environment hook '/home/imene/Documents/Code2024/Language/ros2_ws/src/install/language/share/language/hook/ament_prefix_path.sh'
[12.444s] [34mcolcon.colcon_core.shell[0m [1;30mINFO[0m Skip shell extension 'powershell' for command environment: Not usable outside of PowerShell
[12.444s] [34mcolcon.colcon_core.shell[0m [1;30mDEBUG[0m [32mSkip shell extension 'dsv' for command environment[0m
[13.230s] [34mcolcon.colcon_core.shell[0m [1;30mDEBUG[0m [32mIgnoring prefix path '/opt/ros/noetic'[0m
[13.477s] [34mcolcon.colcon_core.task.python.build[0m [1;30mINFO[0m Building Python package in '/home/imene/Documents/Code2024/Language/ros2_ws/src/language'
[13.661s] [34mcolcon.colcon_core.shell[0m [1;30mINFO[0m Skip shell extension 'powershell' for command environment: Not usable outside of PowerShell
[13.661s] [34mcolcon.colcon_core.shell[0m [1;30mDEBUG[0m [32mSkip shell extension 'dsv' for command environment[0m
[14.342s] [34mcolcon.colcon_core.shell[0m [1;30mDEBUG[0m [32mIgnoring prefix path '/opt/ros/noetic'[0m
[15.236s] [34mcolcon.colcon_core.event_handler.log_command[0m [1;30mDEBUG[0m [32mInvoking command in '/home/imene/Documents/Code2024/Language/ros2_ws/src/language': PYTHONPATH=/home/imene/Documents/Code2024/Language/ros2_ws/src/build/language/prefix_override:/home/imene/Documents/Code2024/Language/ros2_ws/src/install/language/lib/python3.8/site-packages:${PYTHONPATH} /usr/bin/python3 setup.py egg_info --egg-base ../build/language build --build-base /home/imene/Documents/Code2024/Language/ros2_ws/src/build/language/build install --record /home/imene/Documents/Code2024/Language/ros2_ws/src/build/language/install.log --single-version-externally-managed[0m
[15.994s] [34mcolcon.colcon_core.event_handler.log_command[0m [1;30mDEBUG[0m [32mInvoked command in '/home/imene/Documents/Code2024/Language/ros2_ws/src/language' returned '0': PYTHONPATH=/home/imene/Documents/Code2024/Language/ros2_ws/src/build/language/prefix_override:/home/imene/Documents/Code2024/Language/ros2_ws/src/install/language/lib/python3.8/site-packages:${PYTHONPATH} /usr/bin/python3 setup.py egg_info --egg-base ../build/language build --build-base /home/imene/Documents/Code2024/Language/ros2_ws/src/build/language/build install --record /home/imene/Documents/Code2024/Language/ros2_ws/src/build/language/install.log --single-version-externally-managed[0m
[16.171s] [34mcolcon.colcon_core.environment[0m [1;30mLevel 1[0m checking '/home/imene/Documents/Code2024/Language/ros2_ws/src/install/language' for CMake module files
[16.172s] [34mcolcon.colcon_core.environment[0m [1;30mLevel 1[0m checking '/home/imene/Documents/Code2024/Language/ros2_ws/src/install/language' for CMake config files
[16.172s] [34mcolcon.colcon_core.environment[0m [1;30mLevel 1[0m checking '/home/imene/Documents/Code2024/Language/ros2_ws/src/install/language/lib'
[16.172s] [34mcolcon.colcon_core.environment[0m [1;30mLevel 1[0m checking '/home/imene/Documents/Code2024/Language/ros2_ws/src/install/language/bin'
[16.173s] [34mcolcon.colcon_core.environment[0m [1;30mLevel 1[0m checking '/home/imene/Documents/Code2024/Language/ros2_ws/src/install/language/lib/pkgconfig/language.pc'
[16.173s] [34mcolcon.colcon_core.environment[0m [1;30mLevel 1[0m checking '/home/imene/Documents/Code2024/Language/ros2_ws/src/install/language/lib/python3.8/site-packages'
[16.173s] [34mcolcon.colcon_core.shell[0m [1;30mLevel 1[0m create_environment_hook('language', 'pythonpath')
[16.342s] [34mcolcon.colcon_core.shell[0m [1;30mINFO[0m Creating environment hook '/home/imene/Documents/Code2024/Language/ros2_ws/src/install/language/share/language/hook/pythonpath.ps1'
[16.343s] [34mcolcon.colcon_core.shell[0m [1;30mINFO[0m Creating environment descriptor '/home/imene/Documents/Code2024/Language/ros2_ws/src/install/language/share/language/hook/pythonpath.dsv'
[16.343s] [34mcolcon.colcon_core.shell[0m [1;30mINFO[0m Creating environment hook '/home/imene/Documents/Code2024/Language/ros2_ws/src/install/language/share/language/hook/pythonpath.sh'
[16.344s] [34mcolcon.colcon_core.environment[0m [1;30mLevel 1[0m checking '/home/imene/Documents/Code2024/Language/ros2_ws/src/install/language/bin'
[16.344s] [34mcolcon.colcon_core.environment[0m [1;30mLevel 1[0m create_environment_scripts_only(language)
[16.531s] [34mcolcon.colcon_core.shell[0m [1;30mINFO[0m Creating package script '/home/imene/Documents/Code2024/Language/ros2_ws/src/install/language/share/language/package.ps1'
[16.532s] [34mcolcon.colcon_core.shell[0m [1;30mINFO[0m Creating package descriptor '/home/imene/Documents/Code2024/Language/ros2_ws/src/install/language/share/language/package.dsv'
[16.533s] [34mcolcon.colcon_core.shell[0m [1;30mINFO[0m Creating package script '/home/imene/Documents/Code2024/Language/ros2_ws/src/install/language/share/language/package.sh'
[16.534s] [34mcolcon.colcon_core.shell[0m [1;30mINFO[0m Creating package script '/home/imene/Documents/Code2024/Language/ros2_ws/src/install/language/share/language/package.bash'
[16.535s] [34mcolcon.colcon_core.shell[0m [1;30mINFO[0m Creating package script '/home/imene/Documents/Code2024/Language/ros2_ws/src/install/language/share/language/package.zsh'
[16.535s] [34mcolcon.colcon_core.environment[0m [1;30mLevel 1[0m create_file_with_runtime_dependencies(/home/imene/Documents/Code2024/Language/ros2_ws/src/install/language/share/colcon-core/packages/language)
[16.535s] [34mcolcon.colcon_parallel_executor.executor.parallel[0m [1;30mDEBUG[0m [32mclosing loop[0m
[16.536s] [34mcolcon.colcon_parallel_executor.executor.parallel[0m [1;30mDEBUG[0m [32mloop closed[0m
[16.536s] [34mcolcon.colcon_parallel_executor.executor.parallel[0m [1;30mDEBUG[0m [32mrun_until_complete finished with '0'[0m
[16.536s] [34mcolcon.colcon_core.event_reactor[0m [1;30mDEBUG[0m [32mjoining thread[0m
[16.782s] [34mcolcon.colcon_core.plugin_system[0m [1;30mINFO[0m Skipping extension 'colcon_notification.desktop_notification.terminal_notifier': Not used on non-Darwin systems
[16.782s] [34mcolcon.colcon_core.plugin_system[0m [1;30mINFO[0m Skipping extension 'colcon_notification.desktop_notification.win32': Not used on non-Windows systems
[16.782s] [34mcolcon.colcon_notification.desktop_notification[0m [1;30mINFO[0m Sending desktop notification using 'notify2'
[16.806s] [34mcolcon.colcon_core.event_reactor[0m [1;30mDEBUG[0m [32mjoined thread[0m
[16.995s] [34mcolcon.colcon_core.shell[0m [1;30mINFO[0m Creating prefix script '/home/imene/Documents/Code2024/Language/ros2_ws/src/install/local_setup.ps1'
[16.996s] [34mcolcon.colcon_core.shell[0m [1;30mINFO[0m Creating prefix util module '/home/imene/Documents/Code2024/Language/ros2_ws/src/install/_local_setup_util_ps1.py'
[16.997s] [34mcolcon.colcon_core.shell[0m [1;30mINFO[0m Creating prefix chain script '/home/imene/Documents/Code2024/Language/ros2_ws/src/install/setup.ps1'
[17.187s] [34mcolcon.colcon_core.shell[0m [1;30mINFO[0m Creating prefix script '/home/imene/Documents/Code2024/Language/ros2_ws/src/install/local_setup.sh'
[17.188s] [34mcolcon.colcon_core.shell[0m [1;30mINFO[0m Creating prefix util module '/home/imene/Documents/Code2024/Language/ros2_ws/src/install/_local_setup_util_sh.py'
[17.188s] [34mcolcon.colcon_core.shell[0m [1;30mINFO[0m Creating prefix chain script '/home/imene/Documents/Code2024/Language/ros2_ws/src/install/setup.sh'
[17.378s] [34mcolcon.colcon_core.shell[0m [1;30mINFO[0m Creating prefix script '/home/imene/Documents/Code2024/Language/ros2_ws/src/install/local_setup.bash'
[17.378s] [34mcolcon.colcon_core.shell[0m [1;30mINFO[0m Creating prefix chain script '/home/imene/Documents/Code2024/Language/ros2_ws/src/install/setup.bash'
[17.570s] [34mcolcon.colcon_core.shell[0m [1;30mINFO[0m Creating prefix script '/home/imene/Documents/Code2024/Language/ros2_ws/src/install/local_setup.zsh'
[17.571s] [34mcolcon.colcon_core.shell[0m [1;30mINFO[0m Creating prefix chain script '/home/imene/Documents/Code2024/Language/ros2_ws/src/install/setup.zsh'
