running egg_info
writing ../build/language/language.egg-info/PKG-INFO
writing dependency_links to ../build/language/language.egg-info/dependency_links.txt
writing entry points to ../build/language/language.egg-info/entry_points.txt
writing requirements to ../build/language/language.egg-info/requires.txt
writing top-level names to ../build/language/language.egg-info/top_level.txt
listing git files failed - pretending there aren't any
reading manifest file '../build/language/language.egg-info/SOURCES.txt'
writing manifest file '../build/language/language.egg-info/SOURCES.txt'
running build
running build_py
running install
/home/imene/.local/lib/python3.8/site-packages/setuptools/_distutils/cmd.py:66: SetuptoolsDeprecationWarning: setup.py install is deprecated.
!!

        ********************************************************************************
        Please avoid running ``setup.py`` directly.
        Instead, use pypa/build, pypa/installer, pypa/build or
        other standards-based tools.

        See https://blog.ganssle.io/articles/2021/10/setup-py-deprecated.html for details.
        ********************************************************************************

!!
  self.initialize_options()
running install_lib
running install_data
running install_egg_info
removing '/home/imene/Documents/Code2024/Language/ros2_ws/src/install/language/lib/python3.8/site-packages/language-0.0.0-py3.8.egg-info' (and everything under it)
Copying ../build/language/language.egg-info to /home/imene/Documents/Code2024/Language/ros2_ws/src/install/language/lib/python3.8/site-packages/language-0.0.0-py3.8.egg-info
running install_scripts
Installing app script to /home/imene/Documents/Code2024/Language/ros2_ws/src/install/language/lib/language
Installing rl script to /home/imene/Documents/Code2024/Language/ros2_ws/src/install/language/lib/language
Installing robot script to /home/imene/Documents/Code2024/Language/ros2_ws/src/install/language/lib/language
writing list of installed files to '/home/imene/Documents/Code2024/Language/ros2_ws/src/build/language/install.log'
