running develop
/home/imene/.local/lib/python3.8/site-packages/setuptools/command/develop.py:40: EasyInstallDeprecationWarning: easy_install command is deprecated.
!!

        ********************************************************************************
        Please avoid running ``setup.py`` and ``easy_install``.
        Instead, use pypa/build, pypa/installer, pypa/build or
        other standards-based tools.

        See https://github.com/pypa/setuptools/issues/917 for details.
        ********************************************************************************

!!
  easy_install.initialize_options(self)
/home/imene/.local/lib/python3.8/site-packages/setuptools/_distutils/cmd.py:66: SetuptoolsDeprecationWarning: setup.py install is deprecated.
!!

        ********************************************************************************
        Please avoid running ``setup.py`` directly.
        Instead, use pypa/build, pypa/installer, pypa/build or
        other standards-based tools.

        See https://blog.ganssle.io/articles/2021/10/setup-py-deprecated.html for details.
        ********************************************************************************

!!
  self.initialize_options()
running egg_info
creating language.egg-info
writing language.egg-info/PKG-INFO
writing dependency_links to language.egg-info/dependency_links.txt
writing entry points to language.egg-info/entry_points.txt
writing requirements to language.egg-info/requires.txt
writing top-level names to language.egg-info/top_level.txt
writing manifest file 'language.egg-info/SOURCES.txt'
listing git files failed - pretending there aren't any
reading manifest file 'language.egg-info/SOURCES.txt'
writing manifest file 'language.egg-info/SOURCES.txt'
running build_ext
Creating /home/imene/Documents/Code2024/Language/ros2_ws/src/install/language/lib/python3.8/site-packages/language.egg-link (link to .)
Installing app script to /home/imene/Documents/Code2024/Language/ros2_ws/src/install/language/lib/language
Installing rl script to /home/imene/Documents/Code2024/Language/ros2_ws/src/install/language/lib/language
Installing robot script to /home/imene/Documents/Code2024/Language/ros2_ws/src/install/language/lib/language

Installed /home/imene/Documents/Code2024/Language/ros2_ws/src/build/language
running install_data
creating /home/imene/Documents/Code2024/Language/ros2_ws/src/install/language/share/ament_index
creating /home/imene/Documents/Code2024/Language/ros2_ws/src/install/language/share/ament_index/resource_index
creating /home/imene/Documents/Code2024/Language/ros2_ws/src/install/language/share/ament_index/resource_index/packages
copying resource/language -> /home/imene/Documents/Code2024/Language/ros2_ws/src/install/language/share/ament_index/resource_index/packages
copying package.xml -> /home/imene/Documents/Code2024/Language/ros2_ws/src/install/language/share/language
